app/build/intermediates/manifest_merge_blame_file/debug/processDebugMainManifest/manifest-merger-blame-debug-report.txt
1<?xml version="1.0" encoding="utf-8"?>
2<manifest xmlns:android="http://schemas.android.com/apk/res/android"
3    package="com.geto.jido"
4    android:versionCode="1"
5    android:versionName="1.0" >
6
7    <uses-sdk
8        android:minSdkVersion="26"
9        android:targetSdkVersion="34" />
10
11    <!-- ============================================================ -->
12    <!-- Network permissions -->
13    <!-- ============================================================ -->
14    <uses-permission android:name="android.permission.INTERNET" />
14-->src/main/AndroidManifest.xml:9:5-67
14-->src/main/AndroidManifest.xml:9:22-64
15    <uses-permission android:name="android.permission.ACCESS_NETWORK_STATE" />
15-->src/main/AndroidManifest.xml:10:5-79
15-->src/main/AndroidManifest.xml:10:22-76
16
17    <!-- ============================================================ -->
18    <!-- Foreground service permissions -->
19    <!-- ============================================================ -->
20    <uses-permission android:name="android.permission.FOREGROUND_SERVICE" />
20-->src/main/AndroidManifest.xml:15:5-77
20-->src/main/AndroidManifest.xml:15:22-74
21    <!-- Android 14 (API 34) requires a declared foreground service type -->
22    <uses-permission android:name="android.permission.FOREGROUND_SERVICE_SPECIAL_USE" />
22-->src/main/AndroidManifest.xml:17:5-89
22-->src/main/AndroidManifest.xml:17:22-86
23
24    <!-- Android 13+ runtime notification permission (posting the persistent notification) -->
25    <uses-permission android:name="android.permission.POST_NOTIFICATIONS" />
25-->src/main/AndroidManifest.xml:20:5-77
25-->src/main/AndroidManifest.xml:20:22-74
26
27    <!--
28         Legacy storage permission, harmless no-op on API 29+ scoped storage but
29         kept for devices/paths where DownloadManager still checks it
30    -->
31    <uses-permission
31-->src/main/AndroidManifest.xml:24:5-26:38
32        android:name="android.permission.WRITE_EXTERNAL_STORAGE"
32-->src/main/AndroidManifest.xml:25:9-65
33        android:maxSdkVersion="28" />
33-->src/main/AndroidManifest.xml:26:9-35
34
35    <permission
35-->[androidx.core:core:1.13.1] AndroidManifest.xml:22:5-24:47
36        android:name="com.geto.jido.DYNAMIC_RECEIVER_NOT_EXPORTED_PERMISSION"
36-->[androidx.core:core:1.13.1] AndroidManifest.xml:23:9-81
37        android:protectionLevel="signature" />
37-->[androidx.core:core:1.13.1] AndroidManifest.xml:24:9-44
38
39    <uses-permission android:name="com.geto.jido.DYNAMIC_RECEIVER_NOT_EXPORTED_PERMISSION" />
39-->[androidx.core:core:1.13.1] AndroidManifest.xml:26:5-97
39-->[androidx.core:core:1.13.1] AndroidManifest.xml:26:22-94
40
41    <application
41-->src/main/AndroidManifest.xml:28:5-75:19
42        android:allowBackup="true"
42-->src/main/AndroidManifest.xml:29:9-35
43        android:appComponentFactory="androidx.core.app.CoreComponentFactory"
43-->[androidx.core:core:1.13.1] AndroidManifest.xml:28:18-86
44        android:debuggable="true"
45        android:extractNativeLibs="false"
46        android:icon="@mipmap/ic_launcher"
46-->src/main/AndroidManifest.xml:30:9-43
47        android:label="@string/app_name"
47-->src/main/AndroidManifest.xml:31:9-41
48        android:roundIcon="@mipmap/ic_launcher_round"
48-->src/main/AndroidManifest.xml:32:9-54
49        android:supportsRtl="true"
49-->src/main/AndroidManifest.xml:33:9-35
50        android:testOnly="true"
51        android:theme="@style/Theme.Jido" >
51-->src/main/AndroidManifest.xml:34:9-42
52
53        <!-- ======================================================== -->
54        <!-- Main UI -->
55        <!-- ======================================================== -->
56        <activity
56-->src/main/AndroidManifest.xml:40:9-48:20
57            android:name="com.geto.jido.MainActivity"
57-->src/main/AndroidManifest.xml:41:13-41
58            android:exported="true" >
58-->src/main/AndroidManifest.xml:42:13-36
59            <intent-filter>
59-->src/main/AndroidManifest.xml:43:13-47:29
60                <action android:name="android.intent.action.MAIN" />
60-->src/main/AndroidManifest.xml:44:17-69
60-->src/main/AndroidManifest.xml:44:25-66
61
62                <category android:name="android.intent.category.LAUNCHER" />
62-->src/main/AndroidManifest.xml:45:17-77
62-->src/main/AndroidManifest.xml:45:27-74
63
64                <action android:name="com.geto.jido.extra.MANUAL_LINK" />
64-->src/main/AndroidManifest.xml:46:17-74
64-->src/main/AndroidManifest.xml:46:25-71
65            </intent-filter>
66        </activity>
67
68        <!-- ======================================================== -->
69        <!-- Background clipboard-listening service -->
70        <!-- ======================================================== -->
71        <service
71-->src/main/AndroidManifest.xml:53:9-61:19
72            android:name="com.geto.jido.ClipboardService"
72-->src/main/AndroidManifest.xml:54:13-45
73            android:enabled="true"
73-->src/main/AndroidManifest.xml:55:13-35
74            android:exported="true"
74-->src/main/AndroidManifest.xml:56:13-36
75            android:foregroundServiceType="specialUse" >
75-->src/main/AndroidManifest.xml:57:13-55
76            <property
76-->src/main/AndroidManifest.xml:58:13-60:127
77                android:name="android.app.PROPERTY_SPECIAL_USE_FGS_SUBTYPE"
77-->src/main/AndroidManifest.xml:59:17-76
78                android:value="Watches the clipboard for supported links and downloads the matching media the user copied." />
78-->src/main/AndroidManifest.xml:60:17-124
79        </service>
80
81        <!-- ======================================================== -->
82        <!-- Download-complete receiver (registered statically so it -->
83        <!-- fires even if the service process was trimmed) -->
84        <!-- ======================================================== -->
85        <receiver
85-->src/main/AndroidManifest.xml:67:9-73:20
86            android:name="com.geto.jido.DownloadCompleteReceiver"
86-->src/main/AndroidManifest.xml:68:13-53
87            android:exported="false" >
87-->src/main/AndroidManifest.xml:69:13-37
88            <intent-filter>
88-->src/main/AndroidManifest.xml:70:13-72:29
89                <action android:name="android.intent.action.DOWNLOAD_COMPLETE" />
89-->src/main/AndroidManifest.xml:71:17-82
89-->src/main/AndroidManifest.xml:71:25-79
90            </intent-filter>
91        </receiver>
92
93        <provider
93-->[androidx.emoji2:emoji2:1.3.0] AndroidManifest.xml:24:9-32:20
94            android:name="androidx.startup.InitializationProvider"
94-->[androidx.emoji2:emoji2:1.3.0] AndroidManifest.xml:25:13-67
95            android:authorities="com.geto.jido.androidx-startup"
95-->[androidx.emoji2:emoji2:1.3.0] AndroidManifest.xml:26:13-68
96            android:exported="false" >
96-->[androidx.emoji2:emoji2:1.3.0] AndroidManifest.xml:27:13-37
97            <meta-data
97-->[androidx.emoji2:emoji2:1.3.0] AndroidManifest.xml:29:13-31:52
98                android:name="androidx.emoji2.text.EmojiCompatInitializer"
98-->[androidx.emoji2:emoji2:1.3.0] AndroidManifest.xml:30:17-75
99                android:value="androidx.startup" />
99-->[androidx.emoji2:emoji2:1.3.0] AndroidManifest.xml:31:17-49
100            <meta-data
100-->[androidx.lifecycle:lifecycle-process:2.8.1] AndroidManifest.xml:29:13-31:52
101                android:name="androidx.lifecycle.ProcessLifecycleInitializer"
101-->[androidx.lifecycle:lifecycle-process:2.8.1] AndroidManifest.xml:30:17-78
102                android:value="androidx.startup" />
102-->[androidx.lifecycle:lifecycle-process:2.8.1] AndroidManifest.xml:31:17-49
103            <meta-data
103-->[androidx.profileinstaller:profileinstaller:1.3.1] AndroidManifest.xml:29:13-31:52
104                android:name="androidx.profileinstaller.ProfileInstallerInitializer"
104-->[androidx.profileinstaller:profileinstaller:1.3.1] AndroidManifest.xml:30:17-85
105                android:value="androidx.startup" />
105-->[androidx.profileinstaller:profileinstaller:1.3.1] AndroidManifest.xml:31:17-49
106        </provider>
107
108        <receiver
108-->[androidx.profileinstaller:profileinstaller:1.3.1] AndroidManifest.xml:34:9-52:20
109            android:name="androidx.profileinstaller.ProfileInstallReceiver"
109-->[androidx.profileinstaller:profileinstaller:1.3.1] AndroidManifest.xml:35:13-76
110            android:directBootAware="false"
110-->[androidx.profileinstaller:profileinstaller:1.3.1] AndroidManifest.xml:36:13-44
111            android:enabled="true"
111-->[androidx.profileinstaller:profileinstaller:1.3.1] AndroidManifest.xml:37:13-35
112            android:exported="true"
112-->[androidx.profileinstaller:profileinstaller:1.3.1] AndroidManifest.xml:38:13-36
113            android:permission="android.permission.DUMP" >
113-->[androidx.profileinstaller:profileinstaller:1.3.1] AndroidManifest.xml:39:13-57
114            <intent-filter>
114-->[androidx.profileinstaller:profileinstaller:1.3.1] AndroidManifest.xml:40:13-42:29
115                <action android:name="androidx.profileinstaller.action.INSTALL_PROFILE" />
115-->[androidx.profileinstaller:profileinstaller:1.3.1] AndroidManifest.xml:41:17-91
115-->[androidx.profileinstaller:profileinstaller:1.3.1] AndroidManifest.xml:41:25-88
116            </intent-filter>
117            <intent-filter>
117-->[androidx.profileinstaller:profileinstaller:1.3.1] AndroidManifest.xml:43:13-45:29
118                <action android:name="androidx.profileinstaller.action.SKIP_FILE" />
118-->[androidx.profileinstaller:profileinstaller:1.3.1] AndroidManifest.xml:44:17-85
118-->[androidx.profileinstaller:profileinstaller:1.3.1] AndroidManifest.xml:44:25-82
119            </intent-filter>
120            <intent-filter>
120-->[androidx.profileinstaller:profileinstaller:1.3.1] AndroidManifest.xml:46:13-48:29
121                <action android:name="androidx.profileinstaller.action.SAVE_PROFILE" />
121-->[androidx.profileinstaller:profileinstaller:1.3.1] AndroidManifest.xml:47:17-88
121-->[androidx.profileinstaller:profileinstaller:1.3.1] AndroidManifest.xml:47:25-85
122            </intent-filter>
123            <intent-filter>
123-->[androidx.profileinstaller:profileinstaller:1.3.1] AndroidManifest.xml:49:13-51:29
124                <action android:name="androidx.profileinstaller.action.BENCHMARK_OPERATION" />
124-->[androidx.profileinstaller:profileinstaller:1.3.1] AndroidManifest.xml:50:17-95
124-->[androidx.profileinstaller:profileinstaller:1.3.1] AndroidManifest.xml:50:25-92
125            </intent-filter>
126        </receiver>
127    </application>
128
129</manifest>